<?xml version="1.0" encoding="UTF-8"?>
<!-- Generated by org.testng.reporters.JUnitXMLReporter -->
<testsuite ignored="0" hostname="Jashwin-PC" failures="2" tests="15" name="Test" time="310.539" errors="0" timestamp="2025-07-01T16:03:40 EDT">
  <testcase classname="AirlineTestPkge.TC13_ApplyPromo" name="TC13ApplyPromo" time="17.737"/>
  <testcase classname="AirlineTestPkge.TC11_validateafterBooking" name="TC11validateAfterBook" time="9.66">
    <skipped/>
  </testcase> <!-- TC11validateAfterBook -->
  <testcase classname="AirlineTestPkge.TC11_validateafterBooking" name="TC11validateAfterBook" time="19.384"/>
  <testcase classname="AirlineTestPkge.TC3_InvalidLoginPage" name="testAirlineLoginPage2" time="3.005"/>
  <testcase classname="AirlineTestPkge.TC4_OnewayPage" name="TC4OnewayPage" time="8.642"/>
  <testcase classname="AirlineTestPkge.TC10_ValidateFlightInformation" name="TC10ValidateFlightInformation" time="19.794"/>
  <testcase classname="AirlineTestPkge.TC2_Login2" name="TC2_LoginwithvalidCred" time="5.086"/>
  <testcase classname="AirlineTestPkge.TC9_PassangerMultiplePage2" name="TC9MultPassngSigleBooking" time="10.048"/>
  <testcase classname="AirlineTestPkge.TC7_MutliCityPage" name="TC7MutliCityPage" time="13.87"/>
  <testcase classname="AirlineTestPkge.TC12_LoginLogout" name="TC12LoginLogout" time="22.933"/>
  <testcase classname="AirlineTestPkge.TC5_RoundTripPage" name="TC5RoundTripPage" time="20.705">
    <skipped/>
  </testcase> <!-- TC5RoundTripPage -->
  <testcase classname="AirlineTestPkge.TC5_RoundTripPage" name="TC5RoundTripPage" time="20.591">
    <skipped/>
  </testcase> <!-- TC5RoundTripPage -->
  <testcase classname="AirlineTestPkge.TC5_RoundTripPage" name="TC5RoundTripPage" time="20.254">
    <failure type="org.openqa.selenium.TimeoutException" message="Expected condition failed: waiting for element to be clickable: [[ChromeDriver: chrome on windows (443703ab0c97417f335ca4af4f9dac76)] -&amp;gt; xpath: //span[@aria-label=&amp;apos;Next Month&amp;apos;]] (tried for 15 second(s) with 500 milliseconds interval)
Build info: version: &amp;apos;4.20.0&amp;apos;, revision: &amp;apos;866c76ca80&amp;apos;
System info: os.name: &amp;apos;Windows 11&amp;apos;, os.arch: &amp;apos;amd64&amp;apos;, os.version: &amp;apos;10.0&amp;apos;, java.version: &amp;apos;23.0.2&amp;apos;
Driver info: org.openqa.selenium.chrome.ChromeDriver
Capabilities {acceptInsecureCerts: false, browserName: chrome, browserVersion: 137.0.7151.122, chrome: {chromedriverVersion: 137.0.7151.119 (e0ac9d12dff..., userDataDir: C:\Users\anbuj\AppData\Loca...}, fedcm:accounts: true, goog:chromeOptions: {debuggerAddress: localhost:52464}, networkConnectionEnabled: false, pageLoadStrategy: normal, platformName: windows, proxy: Proxy(), se:cdp: ws://localhost:52464/devtoo..., se:cdpVersion: 137.0.7151.122, setWindowRect: true, strictFileInteractability: false, timeouts: {implicit: 0, pageLoad: 300000, script: 30000}, unhandledPromptBehavior: dismiss and notify, webauthn:extension:credBlob: true, webauthn:extension:largeBlob: true, webauthn:extension:minPinLength: true, webauthn:extension:prf: true, webauthn:virtualAuthenticators: true}
Session ID: 443703ab0c97417f335ca4af4f9dac76">
      <![CDATA[org.openqa.selenium.TimeoutException: Expected condition failed: waiting for element to be clickable: [[ChromeDriver: chrome on windows (443703ab0c97417f335ca4af4f9dac76)] -> xpath: //span[@aria-label='Next Month']] (tried for 15 second(s) with 500 milliseconds interval)
Build info: version: '4.20.0', revision: '866c76ca80'
System info: os.name: 'Windows 11', os.arch: 'amd64', os.version: '10.0', java.version: '23.0.2'
Driver info: org.openqa.selenium.chrome.ChromeDriver
Capabilities {acceptInsecureCerts: false, browserName: chrome, browserVersion: 137.0.7151.122, chrome: {chromedriverVersion: 137.0.7151.119 (e0ac9d12dff..., userDataDir: C:\Users\anbuj\AppData\Loca...}, fedcm:accounts: true, goog:chromeOptions: {debuggerAddress: localhost:52464}, networkConnectionEnabled: false, pageLoadStrategy: normal, platformName: windows, proxy: Proxy(), se:cdp: ws://localhost:52464/devtoo..., se:cdpVersion: 137.0.7151.122, setWindowRect: true, strictFileInteractability: false, timeouts: {implicit: 0, pageLoad: 300000, script: 30000}, unhandledPromptBehavior: dismiss and notify, webauthn:extension:credBlob: true, webauthn:extension:largeBlob: true, webauthn:extension:minPinLength: true, webauthn:extension:prf: true, webauthn:virtualAuthenticators: true}
Session ID: 443703ab0c97417f335ca4af4f9dac76
at org.openqa.selenium.support.ui.WebDriverWait.timeoutException(WebDriverWait.java:84)
at org.openqa.selenium.support.ui.FluentWait.until(FluentWait.java:228)
at AirlinePackage.AirlineOnewayPage.selectTravelDate(AirlineOnewayPage.java:80)
at AirlineTestPkge.TC5_RoundTripPage.TC5RoundTripPage(TC5_RoundTripPage.java:29)
at java.base/java.util.ArrayList.forEach(ArrayList.java:1597)
... Removed 25 stack frames]]>
    </failure>
  </testcase> <!-- TC5RoundTripPage -->
  <testcase classname="AirlineTestPkge.TC8_SeatSelection" name="TC8SeatSelection" time="50.869">
    <failure type="org.openqa.selenium.TimeoutException" message="Expected condition failed: waiting for visibility of Proxy element for: DefaultElementLocator &amp;apos;By.xpath: (//button[@type=&amp;quot;button&amp;quot; or text()=&amp;apos;CONFIRM&amp;apos;])[11]&amp;apos; (tried for 15 second(s) with 500 milliseconds interval)">
      <![CDATA[org.openqa.selenium.TimeoutException: Expected condition failed: waiting for visibility of Proxy element for: DefaultElementLocator 'By.xpath: (//button[@type="button" or text()='CONFIRM'])[11]' (tried for 15 second(s) with 500 milliseconds interval)
at org.openqa.selenium.support.ui.WebDriverWait.timeoutException(WebDriverWait.java:84)
at org.openqa.selenium.support.ui.FluentWait.until(FluentWait.java:228)
at AirlinePackage.AirlineMutliplePassanger.clickconfirm(AirlineMutliplePassanger.java:90)
at AirlineTestPkge.TC8_SeatSelection.TC8SeatSelection(TC8_SeatSelection.java:48)
at java.base/java.util.ArrayList.forEach(ArrayList.java:1597)
Caused by: org.openqa.selenium.NoSuchElementException: no such element: Unable to locate element: {"method":"xpath","selector":"(//button[@type="button" or text()='CONFIRM'])[11]"}
  (Session info: chrome=137.0.7151.122)
For documentation on this error, please visit: https://www.selenium.dev/documentation/webdriver/troubleshooting/errors#no-such-element-exception
Build info: version: '4.20.0', revision: '866c76ca80'
System info: os.name: 'Windows 11', os.arch: 'amd64', os.version: '10.0', java.version: '23.0.2'
Driver info: org.openqa.selenium.chrome.ChromeDriver
Command: [692567662e89f734882bacb49e78c5ab, findElement {value=(//button[@type="button" or text()='CONFIRM'])[11], using=xpath}]
Capabilities {acceptInsecureCerts: false, browserName: chrome, browserVersion: 137.0.7151.122, chrome: {chromedriverVersion: 137.0.7151.119 (e0ac9d12dff..., userDataDir: C:\Users\anbuj\AppData\Loca...}, fedcm:accounts: true, goog:chromeOptions: {debuggerAddress: localhost:52671}, networkConnectionEnabled: false, pageLoadStrategy: normal, platformName: windows, proxy: Proxy(), se:cdp: ws://localhost:52671/devtoo..., se:cdpVersion: 137.0.7151.122, setWindowRect: true, strictFileInteractability: false, timeouts: {implicit: 0, pageLoad: 300000, script: 30000}, unhandledPromptBehavior: dismiss and notify, webauthn:extension:credBlob: true, webauthn:extension:largeBlob: true, webauthn:extension:minPinLength: true, webauthn:extension:prf: true, webauthn:virtualAuthenticators: true}
Session ID: 692567662e89f734882bacb49e78c5ab
at org.openqa.selenium.remote.ErrorCodec.decode(ErrorCodec.java:167)
at org.openqa.selenium.remote.codec.w3c.W3CHttpResponseCodec.decode(W3CHttpResponseCodec.java:138)
at org.openqa.selenium.remote.codec.w3c.W3CHttpResponseCodec.decode(W3CHttpResponseCodec.java:50)
at org.openqa.selenium.remote.HttpCommandExecutor.execute(HttpCommandExecutor.java:190)
at org.openqa.selenium.remote.service.DriverCommandExecutor.invokeExecute(DriverCommandExecutor.java:216)
at org.openqa.selenium.remote.service.DriverCommandExecutor.execute(DriverCommandExecutor.java:174)
at org.openqa.selenium.remote.RemoteWebDriver.execute(RemoteWebDriver.java:518)
at org.openqa.selenium.remote.ElementLocation$ElementFinder$2.findElement(ElementLocation.java:165)
at org.openqa.selenium.remote.ElementLocation.findElement(ElementLocation.java:59)
at org.openqa.selenium.remote.RemoteWebDriver.findElement(RemoteWebDriver.java:355)
at org.openqa.selenium.remote.RemoteWebDriver.findElement(RemoteWebDriver.java:349)
at org.openqa.selenium.support.pagefactory.DefaultElementLocator.findElement(DefaultElementLocator.java:68)
at org.openqa.selenium.support.pagefactory.internal.LocatingElementHandler.invoke(LocatingElementHandler.java:38)
at jdk.proxy2/jdk.proxy2.$Proxy16.isDisplayed(Unknown Source)
at org.openqa.selenium.support.ui.ExpectedConditions.elementIfVisible(ExpectedConditions.java:304)
at org.openqa.selenium.support.ui.ExpectedConditions$10.apply(ExpectedConditions.java:290)
at org.openqa.selenium.support.ui.ExpectedConditions$10.apply(ExpectedConditions.java:287)
at org.openqa.selenium.support.ui.FluentWait.until(FluentWait.java:203)
... 28 more
... Removed 28 stack frames]]>
    </failure>
  </testcase> <!-- TC8SeatSelection -->
  <testcase classname="AirlineTestPkge.TC6_TravelClassPage" name="TC6TravelClassPage" time="10.21"/>
</testsuite> <!-- Test -->
