<html>
<head>
<title>TestNG:  AirlineTest</title>
<link href="../testng.css" rel="stylesheet" type="text/css" />
<link href="../my-testng.css" rel="stylesheet" type="text/css" />

<style type="text/css">
.log { display: none;} 
.stack-trace { display: none;} 
</style>
<script type="text/javascript">
<!--
function flip(e) {
  current = e.style.display;
  if (current == 'block') {
    e.style.display = 'none';
    return 0;
  }
  else {
    e.style.display = 'block';
    return 1;
  }
}

function toggleBox(szDivId, elem, msg1, msg2)
{
  var res = -1;  if (document.getElementById) {
    res = flip(document.getElementById(szDivId));
  }
  else if (document.all) {
    // this is the way old msie versions work
    res = flip(document.all[szDivId]);
  }
  if(elem) {
    if(res == 0) elem.innerHTML = msg1; else elem.innerHTML = msg2;
  }

}

function toggleAllBoxes() {
  if (document.getElementsByTagName) {
    d = document.getElementsByTagName('div');
    for (i = 0; i < d.length; i++) {
      if (d[i].className == 'log') {
        flip(d[i]);
      }
    }
  }
}

// -->
</script>

</head>
<body>
<h2 align='center'>AirlineTest</h2><table border='1' align="center">
<tr>
<td>Tests passed/Failed/Skipped:</td><td>14/0/1</td>
</tr><tr>
<td>Started on:</td><td>Mon Jul 07 21:37:16 EDT 2025</td>
</tr>
<tr><td>Total time:</td><td>344 seconds (344033 ms)</td>
</tr><tr>
<td>Included groups:</td><td></td>
</tr><tr>
<td>Excluded groups:</td><td></td>
</tr>
</table><p/>
<small><i>(Hover the method name to see the test class name)</i></small><p/>
<table width='100%' border='1' class='invocation-passed'>
<tr><td colspan='4' align='center'><b>PASSED TESTS</b></td></tr>
<tr><td><b>Test method</b></td>
<td><b>Attribute(s)</b></td>
<td width="30%"><b>Exception</b></td>
<td width="10%"><b>Time (seconds)</b></td>
<td><b>Instance</b></td>
</tr>
<tr>
<td title='AirlineTestPkge.TC15_PaymentPage.TC15PaymentPage()'><b>TC15PaymentPage</b><br>Test class: AirlineTestPkge.TC15_PaymentPage<br/>
<a href="#Output-1082126943" onClick='toggleBox("Output-1082126943", this, "Show output", "Hide output");'>Show output</a>

<a href="#Output-1082126943" onClick="toggleAllBoxes();">Show all outputs</a>
<div class='log' id="Output-1082126943">
One way selecte<br/>
Source city: Chennai<br/>
Destination city: Mumbai<br/>
switched to child window<br/>
Seat select & cliked Continue<br/>
Proceed btn clicked<br/>
Entered Card details<br/>
Billing Address<br/>
Listener:Test is Pass<br/>
</div>
</td>
<td></td>
<td>73</td>
<td>AirlineTestPkge.TC15_PaymentPage@682b2fa</td></tr>
<tr>
<td title='AirlineTestPkge.TC10_ValidateFlightInformation.TC10ValidateFlightInformation()'><b>TC10ValidateFlightInformation</b><br>Test class: AirlineTestPkge.TC10_ValidateFlightInformation<br/>
<a href="#Output-193240998" onClick='toggleBox("Output-193240998", this, "Show output", "Hide output");'>Show output</a>

<a href="#Output-193240998" onClick="toggleAllBoxes();">Show all outputs</a>
<div class='log' id="Output-193240998">
One way selecte<br/>
Source city: Chennai<br/>
Destination city: toronto<br/>
flightDetails<br/>
FareSummary<br/>
cancellation<br/>
Listener:Test is Pass<br/>
</div>
</td>
<td></td>
<td>12</td>
<td>AirlineTestPkge.TC10_ValidateFlightInformation@3fc2959f</td></tr>
<tr>
<td title='AirlineTestPkge.TC2_Login2.TC2_LoginwithvalidCred()'><b>TC2_LoginwithvalidCred</b><br>Test class: AirlineTestPkge.TC2_Login2<br/>
<a href="#Output-744316958" onClick='toggleBox("Output-744316958", this, "Show output", "Hide output");'>Show output</a>

<a href="#Output-744316958" onClick="toggleAllBoxes();">Show all outputs</a>
<div class='log' id="Output-744316958">
Successfully logged in Hi Sathiyaa<br/>
Listener:Test is Pass<br/>
</div>
</td>
<td></td>
<td>8</td>
<td>AirlineTestPkge.TC2_Login2@71d44a3</td></tr>
<tr>
<td title='AirlineTestPkge.TC12_LoginLogout.TC12LoginLogout()'><b>TC12LoginLogout</b><br>Test class: AirlineTestPkge.TC12_LoginLogout<br/>
<a href="#Output-1392535885" onClick='toggleBox("Output-1392535885", this, "Show output", "Hide output");'>Show output</a>

<a href="#Output-1392535885" onClick="toggleAllBoxes();">Show all outputs</a>
<div class='log' id="Output-1392535885">
Successfully logged in Hi Sathiyaa<br/>
Listener:Test is Pass<br/>
</div>
</td>
<td></td>
<td>24</td>
<td>AirlineTestPkge.TC12_LoginLogout@6989da5e</td></tr>
<tr>
<td title='AirlineTestPkge.TC14_DomesticRoundTrip.TC14DomesticRoundTripPage()'><b>TC14DomesticRoundTripPage</b><br>Test class: AirlineTestPkge.TC14_DomesticRoundTrip<br/>
<a href="#Output-304061522" onClick='toggleBox("Output-304061522", this, "Show output", "Hide output");'>Show output</a>

<a href="#Output-304061522" onClick="toggleAllBoxes();">Show all outputs</a>
<div class='log' id="Output-304061522">
Round trip is selected<br/>
Source city: Chennai<br/>
Destination city: Mumbai<br/>
Listener:Test is Pass<br/>
</div>
</td>
<td></td>
<td>7</td>
<td>AirlineTestPkge.TC14_DomesticRoundTrip@139982de</td></tr>
<tr>
<td title='AirlineTestPkge.TC4_OnewayPage.TC4OnewayPage()'><b>TC4OnewayPage</b><br>Test class: AirlineTestPkge.TC4_OnewayPage<br/>
<a href="#Output-803685654" onClick='toggleBox("Output-803685654", this, "Show output", "Hide output");'>Show output</a>

<a href="#Output-803685654" onClick="toggleAllBoxes();">Show all outputs</a>
<div class='log' id="Output-803685654">
One way selecte<br/>
Source city: Dubai<br/>
Destination city: Chennai<br/>
Listener:Test is Pass<br/>
</div>
</td>
<td></td>
<td>8</td>
<td>AirlineTestPkge.TC4_OnewayPage@7e6f74c</td></tr>
<tr>
<td title='AirlineTestPkge.TC13_ApplyPromo.TC13ApplyPromo()'><b>TC13ApplyPromo</b><br>Test class: AirlineTestPkge.TC13_ApplyPromo<br/>
<a href="#Output-2067156807" onClick='toggleBox("Output-2067156807", this, "Show output", "Hide output");'>Show output</a>

<a href="#Output-2067156807" onClick="toggleAllBoxes();">Show all outputs</a>
<div class='log' id="Output-2067156807">
One way selecte<br/>
Source city: Dubai<br/>
Destination city: Chennai<br/>
switched to child window<br/>
Verified promo codes<br/>
Listener:Test is Pass<br/>
</div>
</td>
<td></td>
<td>20</td>
<td>AirlineTestPkge.TC13_ApplyPromo@385c9627</td></tr>
<tr>
<td title='AirlineTestPkge.TC7_MutliCityPage.TC7MutliCityPage()'><b>TC7MutliCityPage</b><br>Test class: AirlineTestPkge.TC7_MutliCityPage<br/>
<a href="#Output-934288610" onClick='toggleBox("Output-934288610", this, "Show output", "Hide output");'>Show output</a>

<a href="#Output-934288610" onClick="toggleAllBoxes();">Show all outputs</a>
<div class='log' id="Output-934288610">
MutliCity Select<br/>
First Source to Destination city Chennai toDubai<br/>
Second Source to Destination city Dubai toChennai<br/>
Listener:Test is Pass<br/>
</div>
</td>
<td></td>
<td>13</td>
<td>AirlineTestPkge.TC7_MutliCityPage@2f4948e4</td></tr>
<tr>
<td title='AirlineTestPkge.TC3_InvalidLoginPage.TC3InvalidLoginPage()'><b>TC3InvalidLoginPage</b><br>Test class: AirlineTestPkge.TC3_InvalidLoginPage<br>Parameters: 437366122, Jasnu@1223<br/>
<a href="#Output-232200992" onClick='toggleBox("Output-232200992", this, "Show output", "Hide output");'>Show output</a>

<a href="#Output-232200992" onClick="toggleAllBoxes();">Show all outputs</a>
<div class='log' id="Output-232200992">
Listener:Test is Pass<br/>
</div>
</td>
<td></td>
<td>1</td>
<td>AirlineTestPkge.TC3_InvalidLoginPage@44c03695</td></tr>
<tr>
<td title='AirlineTestPkge.TC5_RoundTripPage.TC5RoundTripPage()'><b>TC5RoundTripPage</b><br>Test class: AirlineTestPkge.TC5_RoundTripPage<br/>
<a href="#Output-1858863803" onClick='toggleBox("Output-1858863803", this, "Show output", "Hide output");'>Show output</a>

<a href="#Output-1858863803" onClick="toggleAllBoxes();">Show all outputs</a>
<div class='log' id="Output-1858863803">
Round trip is selected<br/>
Source city: Chennai<br/>
Destination city: Dubai<br/>
Listener:Test is Pass<br/>
</div>
</td>
<td></td>
<td>8</td>
<td>AirlineTestPkge.TC5_RoundTripPage@dd05255</td></tr>
<tr>
<td title='AirlineTestPkge.TC8_SeatSelection_test2.TC8SeatSelection()'><b>TC8SeatSelection</b><br>Test class: AirlineTestPkge.TC8_SeatSelection_test2<br/>
<a href="#Output-1560391896" onClick='toggleBox("Output-1560391896", this, "Show output", "Hide output");'>Show output</a>

<a href="#Output-1560391896" onClick="toggleAllBoxes();">Show all outputs</a>
<div class='log' id="Output-1560391896">
One way selecte<br/>
Source city: Chennai<br/>
Destination city: Mumbai<br/>
switched to child window<br/>
Seat select & cliked Continue<br/>
Proceed btn clicked<br/>
Listener:Test is Pass<br/>
</div>
</td>
<td></td>
<td>60</td>
<td>AirlineTestPkge.TC8_SeatSelection_test2@1f2586d6</td></tr>
<tr>
<td title='AirlineTestPkge.TC6_TravelClassPage.TC6TravelClassPage()'><b>TC6TravelClassPage</b><br>Test class: AirlineTestPkge.TC6_TravelClassPage<br/>
<a href="#Output-1646375227" onClick='toggleBox("Output-1646375227", this, "Show output", "Hide output");'>Show output</a>

<a href="#Output-1646375227" onClick="toggleAllBoxes();">Show all outputs</a>
<div class='log' id="Output-1646375227">
One way selecte<br/>
Source city: Chennai<br/>
Destination city: Mumbai<br/>
Economy selected<br/>
Economy class results validated successfully.<br/>
Listener:Test is Pass<br/>
</div>
</td>
<td></td>
<td>9</td>
<td>AirlineTestPkge.TC6_TravelClassPage@6a78afa0</td></tr>
<tr>
<td title='AirlineTestPkge.TC11_validateafterBooking.TC11validateAfterBook()'><b>TC11validateAfterBook</b><br>Test class: AirlineTestPkge.TC11_validateafterBooking<br/>
<a href="#Output-2073021938" onClick='toggleBox("Output-2073021938", this, "Show output", "Hide output");'>Show output</a>

<a href="#Output-2073021938" onClick="toggleAllBoxes();">Show all outputs</a>
<div class='log' id="Output-2073021938">
One way selecte<br/>
Source city: Dubai<br/>
Destination city: Chennai<br/>
switched to child window<br/>
Listener:Test is Pass<br/>
</div>
</td>
<td></td>
<td>19</td>
<td>AirlineTestPkge.TC11_validateafterBooking@5aa9e4eb</td></tr>
<tr>
<td title='AirlineTestPkge.TC9_PassangerMultiplePage2.TC9MultPassngSigleBooking()'><b>TC9MultPassngSigleBooking</b><br>Test class: AirlineTestPkge.TC9_PassangerMultiplePage2<br/>
<a href="#Output-1491894897" onClick='toggleBox("Output-1491894897", this, "Show output", "Hide output");'>Show output</a>

<a href="#Output-1491894897" onClick="toggleAllBoxes();">Show all outputs</a>
<div class='log' id="Output-1491894897">
One way selecte<br/>
Source city: Chennai<br/>
Destination city: Mumbai<br/>
2Passanger selected<br/>
Listener:Test is Pass<br/>
</div>
</td>
<td></td>
<td>9</td>
<td>AirlineTestPkge.TC9_PassangerMultiplePage2@10683d9d</td></tr>
</table><p>
<table width='100%' border='1' class='invocation-skipped'>
<tr><td colspan='4' align='center'><b>SKIPPED TESTS</b></td></tr>
<tr><td><b>Test method</b></td>
<td><b>Attribute(s)</b></td>
<td width="30%"><b>Exception</b></td>
<td width="10%"><b>Time (seconds)</b></td>
<td><b>Instance</b></td>
</tr>
<tr>
<td title='AirlineTestPkge.TC12_LoginLogout.TC12LoginLogout()'><b>TC12LoginLogout</b><br>Test class: AirlineTestPkge.TC12_LoginLogout<br/>
<a href="#Output-833784282" onClick='toggleBox("Output-833784282", this, "Show output", "Hide output");'>Show output</a>

<a href="#Output-833784282" onClick="toggleAllBoxes();">Show all outputs</a>
<div class='log' id="Output-833784282">
Listener:Test is skiped<br/>
</div>
</td>
<td><div><pre>org.openqa.selenium.StaleElementReferenceException: stale element reference: stale element not found
  (Session info: chrome=137.0.7151.122)
For documentation on this error, please visit: https://www.selenium.dev/documentation/webdriver/troubleshooting/errors#stale-element-reference-exception
Build info: version: &apos;4.20.0&apos;, revision: &apos;866c76ca80&apos;
System info: os.name: &apos;Windows 11&apos;, os.arch: &apos;amd64&apos;, os.version: &apos;10.0&apos;, java.version: &apos;23.0.2&apos;
Driver info: org.openqa.selenium.chrome.ChromeDriver
Command: [c19e6f73eab7e24dd31c82460b56b231, isElementDisplayed {id=f.D6C3C4C9C9379E551198378179D764E3.d.83A98005EC22A2B840532D2A110A374B.e.94}]
Capabilities {acceptInsecureCerts: false, browserName: chrome, browserVersion: 137.0.7151.122, chrome: {chromedriverVersion: 137.0.7151.119 (e0ac9d12dff..., userDataDir: C:\Users\anbuj\AppData\Loca...}, fedcm:accounts: true, goog:chromeOptions: {debuggerAddress: localhost:61111}, networkConnectionEnabled: false, pageLoadStrategy: normal, platformName: windows, proxy: Proxy(), se:cdp: ws://localhost:61111/devtoo..., se:cdpVersion: 137.0.7151.122, setWindowRect: true, strictFileInteractability: false, timeouts: {implicit: 0, pageLoad: 300000, script: 30000}, unhandledPromptBehavior: dismiss and notify, webauthn:extension:credBlob: true, webauthn:extension:largeBlob: true, webauthn:extension:minPinLength: true, webauthn:extension:prf: true, webauthn:virtualAuthenticators: true}
Element: [[ChromeDriver: chrome on windows (c19e6f73eab7e24dd31c82460b56b231)] -&gt; xpath: //p[@class=&apos;appendBottom3 truncate font11 lineHeight16 whiteText&apos;]]
Session ID: c19e6f73eab7e24dd31c82460b56b231
	at org.openqa.selenium.remote.ErrorCodec.decode(ErrorCodec.java:167)
	at org.openqa.selenium.remote.codec.w3c.W3CHttpResponseCodec.decode(W3CHttpResponseCodec.java:138)
	at org.openqa.selenium.remote.codec.w3c.W3CHttpResponseCodec.decode(W3CHttpResponseCodec.java:50)
	at org.openqa.selenium.remote.HttpCommandExecutor.execute(HttpCommandExecutor.java:190)
	at org.openqa.selenium.remote.service.DriverCommandExecutor.invokeExecute(DriverCommandExecutor.java:216)
	at org.openqa.selenium.remote.service.DriverCommandExecutor.execute(DriverCommandExecutor.java:174)
	at org.openqa.selenium.remote.RemoteWebDriver.execute(RemoteWebDriver.java:518)
	at org.openqa.selenium.remote.RemoteWebElement.execute(RemoteWebElement.java:223)
	at org.openqa.selenium.remote.RemoteWebElement.isDisplayed(RemoteWebElement.java:282)
	at org.openqa.selenium.support.pagefactory.internal.LocatingElementHandler.invoke(LocatingElementHandler.java:51)
	at jdk.proxy2/jdk.proxy2.$Proxy13.isDisplayed(Unknown Source)
	at org.openqa.selenium.support.ui.ExpectedConditions.elementIfVisible(ExpectedConditions.java:304)
	at org.openqa.selenium.support.ui.ExpectedConditions$10.apply(ExpectedConditions.java:290)
	at org.openqa.selenium.support.ui.ExpectedConditions$10.apply(ExpectedConditions.java:287)
	at org.openqa.selenium.support.ui.ExpectedConditions$23.apply(ExpectedConditions.java:656)
	at org.openqa.selenium.support.ui.ExpectedConditions$23.apply(ExpectedConditions.java:652)
	at org.openqa.selenium.support.ui.FluentWait.until(FluentWait.java:203)
	at AirlinePackage.AirlineHomePage.verifylogin(AirlineHomePage.java:71)
	at AirlineTestPkge.TC12_LoginLogout.TC12LoginLogout(TC12_LoginLogout.java:30)
	at java.base/java.util.ArrayList.forEach(ArrayList.java:1597)
... Removed 34 stack frames</pre></div><a href='#' onClick='toggleBox("stack-trace833784282", this, "Click to show all stack frames", "Click to hide stack frames")'>Click to show all stack frames</a>
<div class='stack-trace' id='stack-trace833784282'><pre>org.openqa.selenium.StaleElementReferenceException: stale element reference: stale element not found
  (Session info: chrome=137.0.7151.122)
For documentation on this error, please visit: https://www.selenium.dev/documentation/webdriver/troubleshooting/errors#stale-element-reference-exception
Build info: version: &apos;4.20.0&apos;, revision: &apos;866c76ca80&apos;
System info: os.name: &apos;Windows 11&apos;, os.arch: &apos;amd64&apos;, os.version: &apos;10.0&apos;, java.version: &apos;23.0.2&apos;
Driver info: org.openqa.selenium.chrome.ChromeDriver
Command: [c19e6f73eab7e24dd31c82460b56b231, isElementDisplayed {id=f.D6C3C4C9C9379E551198378179D764E3.d.83A98005EC22A2B840532D2A110A374B.e.94}]
Capabilities {acceptInsecureCerts: false, browserName: chrome, browserVersion: 137.0.7151.122, chrome: {chromedriverVersion: 137.0.7151.119 (e0ac9d12dff..., userDataDir: C:\Users\anbuj\AppData\Loca...}, fedcm:accounts: true, goog:chromeOptions: {debuggerAddress: localhost:61111}, networkConnectionEnabled: false, pageLoadStrategy: normal, platformName: windows, proxy: Proxy(), se:cdp: ws://localhost:61111/devtoo..., se:cdpVersion: 137.0.7151.122, setWindowRect: true, strictFileInteractability: false, timeouts: {implicit: 0, pageLoad: 300000, script: 30000}, unhandledPromptBehavior: dismiss and notify, webauthn:extension:credBlob: true, webauthn:extension:largeBlob: true, webauthn:extension:minPinLength: true, webauthn:extension:prf: true, webauthn:virtualAuthenticators: true}
Element: [[ChromeDriver: chrome on windows (c19e6f73eab7e24dd31c82460b56b231)] -&gt; xpath: //p[@class=&apos;appendBottom3 truncate font11 lineHeight16 whiteText&apos;]]
Session ID: c19e6f73eab7e24dd31c82460b56b231
	at java.base/jdk.internal.reflect.DirectConstructorHandleAccessor.newInstance(DirectConstructorHandleAccessor.java:62)
	at java.base/java.lang.reflect.Constructor.newInstanceWithCaller(Constructor.java:501)
	at java.base/java.lang.reflect.Constructor.newInstance(Constructor.java:485)
	at org.openqa.selenium.remote.ErrorCodec.decode(ErrorCodec.java:167)
	at org.openqa.selenium.remote.codec.w3c.W3CHttpResponseCodec.decode(W3CHttpResponseCodec.java:138)
	at org.openqa.selenium.remote.codec.w3c.W3CHttpResponseCodec.decode(W3CHttpResponseCodec.java:50)
	at org.openqa.selenium.remote.HttpCommandExecutor.execute(HttpCommandExecutor.java:190)
	at org.openqa.selenium.remote.service.DriverCommandExecutor.invokeExecute(DriverCommandExecutor.java:216)
	at org.openqa.selenium.remote.service.DriverCommandExecutor.execute(DriverCommandExecutor.java:174)
	at org.openqa.selenium.remote.RemoteWebDriver.execute(RemoteWebDriver.java:518)
	at org.openqa.selenium.remote.RemoteWebElement.execute(RemoteWebElement.java:223)
	at org.openqa.selenium.remote.RemoteWebElement.isDisplayed(RemoteWebElement.java:282)
	at java.base/jdk.internal.reflect.DirectMethodHandleAccessor.invoke(DirectMethodHandleAccessor.java:103)
	at java.base/java.lang.reflect.Method.invoke(Method.java:580)
	at org.openqa.selenium.support.pagefactory.internal.LocatingElementHandler.invoke(LocatingElementHandler.java:51)
	at jdk.proxy2/jdk.proxy2.$Proxy13.isDisplayed(Unknown Source)
	at org.openqa.selenium.support.ui.ExpectedConditions.elementIfVisible(ExpectedConditions.java:304)
	at org.openqa.selenium.support.ui.ExpectedConditions$10.apply(ExpectedConditions.java:290)
	at org.openqa.selenium.support.ui.ExpectedConditions$10.apply(ExpectedConditions.java:287)
	at org.openqa.selenium.support.ui.ExpectedConditions$23.apply(ExpectedConditions.java:656)
	at org.openqa.selenium.support.ui.ExpectedConditions$23.apply(ExpectedConditions.java:652)
	at org.openqa.selenium.support.ui.FluentWait.until(FluentWait.java:203)
	at AirlinePackage.AirlineHomePage.verifylogin(AirlineHomePage.java:71)
	at AirlineTestPkge.TC12_LoginLogout.TC12LoginLogout(TC12_LoginLogout.java:30)
	at java.base/jdk.internal.reflect.DirectMethodHandleAccessor.invoke(DirectMethodHandleAccessor.java:103)
	at java.base/java.lang.reflect.Method.invoke(Method.java:580)
	at org.testng.internal.invokers.MethodInvocationHelper.invokeMethod(MethodInvocationHelper.java:141)
	at org.testng.internal.invokers.TestInvoker.invokeMethod(TestInvoker.java:687)
	at org.testng.internal.invokers.TestInvoker.invokeTestMethod(TestInvoker.java:230)
	at org.testng.internal.invokers.MethodRunner.runInSequence(MethodRunner.java:63)
	at org.testng.internal.invokers.TestInvoker$MethodInvocationAgent.invoke(TestInvoker.java:995)
	at org.testng.internal.invokers.TestInvoker.invokeTestMethods(TestInvoker.java:203)
	at org.testng.internal.invokers.TestMethodWorker.invokeTestMethods(TestMethodWorker.java:154)
	at org.testng.internal.invokers.TestMethodWorker.run(TestMethodWorker.java:134)
	at java.base/java.util.ArrayList.forEach(ArrayList.java:1597)
	at org.testng.TestRunner.privateRun(TestRunner.java:741)
	at org.testng.TestRunner.run(TestRunner.java:616)
	at org.testng.SuiteRunner.runTest(SuiteRunner.java:421)
	at org.testng.SuiteRunner.runSequentially(SuiteRunner.java:413)
	at org.testng.SuiteRunner.privateRun(SuiteRunner.java:373)
	at org.testng.SuiteRunner.run(SuiteRunner.java:312)
	at org.testng.SuiteRunnerWorker.runSuite(SuiteRunnerWorker.java:52)
	at org.testng.SuiteRunnerWorker.run(SuiteRunnerWorker.java:95)
	at org.testng.TestNG.runSuitesSequentially(TestNG.java:1274)
	at org.testng.TestNG.runSuitesLocally(TestNG.java:1208)
	at org.testng.TestNG.runSuites(TestNG.java:1112)
	at org.testng.TestNG.run(TestNG.java:1079)
	at org.apache.maven.surefire.testng.TestNGExecutor.run(TestNGExecutor.java:308)
	at org.apache.maven.surefire.testng.TestNGXmlTestSuite.execute(TestNGXmlTestSuite.java:71)
	at org.apache.maven.surefire.testng.TestNGProvider.invoke(TestNGProvider.java:113)
	at org.apache.maven.surefire.booter.ForkedBooter.runSuitesInProcess(ForkedBooter.java:385)
	at org.apache.maven.surefire.booter.ForkedBooter.execute(ForkedBooter.java:162)
	at org.apache.maven.surefire.booter.ForkedBooter.run(ForkedBooter.java:507)
	at org.apache.maven.surefire.booter.ForkedBooter.main(ForkedBooter.java:495)
</pre></div></td>
<td>8</td>
<td>AirlineTestPkge.TC12_LoginLogout@6989da5e</td></tr>
</table><p>
</body>
</html>