<?xml version="1.0" encoding="UTF-8"?>
<!-- Generated by org.testng.reporters.JUnitXMLReporter -->
<testsuite ignored="0" hostname="Jashwin-PC" failures="1" tests="13" name="AirlineTest" time="273.526" errors="0" timestamp="2025-07-03T22:52:03 EDT">
  <testcase classname="AirlineTestPkge.TC2_Login2" name="TC2_LoginwithvalidCred" time="9.872"/>
  <testcase classname="AirlineTestPkge.TC3_InvalidLoginPage" name="testAirlineLoginPage2" time="2.832"/>
  <testcase classname="AirlineTestPkge.TC4_OnewayPage" name="TC4OnewayPage" time="9.11"/>
  <testcase classname="AirlineTestPkge.TC5_RoundTripPage" name="RoundTripPage" time="11.343"/>
  <testcase classname="AirlineTestPkge.TC6_TravelClassPage" name="TC6TravelClassPage" time="13.742"/>
  <testcase classname="AirlineTestPkge.TC7_MutliCityPage" name="TC7MutliCityPage" time="16.311"/>
  <testcase classname="AirlineTestPkge.TC8_SeatSelection" name="TC8SeatSelection" time="27.256">
    <failure type="org.openqa.selenium.ElementNotInteractableException" message="element not interactable
  (Session info: chrome=137.0.7151.122)
Build info: version: &amp;apos;4.20.0&amp;apos;, revision: &amp;apos;866c76ca80&amp;apos;
System info: os.name: &amp;apos;Windows 11&amp;apos;, os.arch: &amp;apos;amd64&amp;apos;, os.version: &amp;apos;10.0&amp;apos;, java.version: &amp;apos;23.0.2&amp;apos;
Driver info: org.openqa.selenium.chrome.ChromeDriver
Command: [3c1e01e392343ac4c9f1b759ec5c7a47, sendKeysToElement {id=f.A533B01BF6C2E17C60116AADD95B0A60.d.ECC14B5A39B1EA7F94806B7F7AF990B2.e.401, value=[Ljava.lang.CharSequence;@4cc7e3ad}]
Capabilities {acceptInsecureCerts: false, browserName: chrome, browserVersion: 137.0.7151.122, chrome: {chromedriverVersion: 137.0.7151.119 (e0ac9d12dff..., userDataDir: C:\Users\anbuj\AppData\Loca...}, fedcm:accounts: true, goog:chromeOptions: {debuggerAddress: localhost:60521}, networkConnectionEnabled: false, pageLoadStrategy: normal, platformName: windows, proxy: Proxy(), se:cdp: ws://localhost:60521/devtoo..., se:cdpVersion: 137.0.7151.122, setWindowRect: true, strictFileInteractability: false, timeouts: {implicit: 0, pageLoad: 300000, script: 30000}, unhandledPromptBehavior: dismiss and notify, webauthn:extension:credBlob: true, webauthn:extension:largeBlob: true, webauthn:extension:minPinLength: true, webauthn:extension:prf: true, webauthn:virtualAuthenticators: true}
Element: [[ChromeDriver: chrome on windows (3c1e01e392343ac4c9f1b759ec5c7a47)] -&amp;gt; xpath: //span[normalize-space()=&amp;apos;Seats&amp;apos;]]
Session ID: 3c1e01e392343ac4c9f1b759ec5c7a47">
      <![CDATA[org.openqa.selenium.ElementNotInteractableException: element not interactable
  (Session info: chrome=137.0.7151.122)
Build info: version: '4.20.0', revision: '866c76ca80'
System info: os.name: 'Windows 11', os.arch: 'amd64', os.version: '10.0', java.version: '23.0.2'
Driver info: org.openqa.selenium.chrome.ChromeDriver
Command: [3c1e01e392343ac4c9f1b759ec5c7a47, sendKeysToElement {id=f.A533B01BF6C2E17C60116AADD95B0A60.d.ECC14B5A39B1EA7F94806B7F7AF990B2.e.401, value=[Ljava.lang.CharSequence;@4cc7e3ad}]
Capabilities {acceptInsecureCerts: false, browserName: chrome, browserVersion: 137.0.7151.122, chrome: {chromedriverVersion: 137.0.7151.119 (e0ac9d12dff..., userDataDir: C:\Users\anbuj\AppData\Loca...}, fedcm:accounts: true, goog:chromeOptions: {debuggerAddress: localhost:60521}, networkConnectionEnabled: false, pageLoadStrategy: normal, platformName: windows, proxy: Proxy(), se:cdp: ws://localhost:60521/devtoo..., se:cdpVersion: 137.0.7151.122, setWindowRect: true, strictFileInteractability: false, timeouts: {implicit: 0, pageLoad: 300000, script: 30000}, unhandledPromptBehavior: dismiss and notify, webauthn:extension:credBlob: true, webauthn:extension:largeBlob: true, webauthn:extension:minPinLength: true, webauthn:extension:prf: true, webauthn:virtualAuthenticators: true}
Element: [[ChromeDriver: chrome on windows (3c1e01e392343ac4c9f1b759ec5c7a47)] -> xpath: //span[normalize-space()='Seats']]
Session ID: 3c1e01e392343ac4c9f1b759ec5c7a47
at org.openqa.selenium.remote.ErrorCodec.decode(ErrorCodec.java:167)
at org.openqa.selenium.remote.codec.w3c.W3CHttpResponseCodec.decode(W3CHttpResponseCodec.java:138)
at org.openqa.selenium.remote.codec.w3c.W3CHttpResponseCodec.decode(W3CHttpResponseCodec.java:50)
at org.openqa.selenium.remote.HttpCommandExecutor.execute(HttpCommandExecutor.java:190)
at org.openqa.selenium.remote.service.DriverCommandExecutor.invokeExecute(DriverCommandExecutor.java:216)
at org.openqa.selenium.remote.service.DriverCommandExecutor.execute(DriverCommandExecutor.java:174)
at org.openqa.selenium.remote.RemoteWebDriver.execute(RemoteWebDriver.java:518)
at org.openqa.selenium.remote.RemoteWebElement.execute(RemoteWebElement.java:223)
at org.openqa.selenium.remote.RemoteWebElement.sendKeys(RemoteWebElement.java:110)
at org.openqa.selenium.support.pagefactory.internal.LocatingElementHandler.invoke(LocatingElementHandler.java:51)
at jdk.proxy2/jdk.proxy2.$Proxy13.sendKeys(Unknown Source)
at AirlinePackage.AirlineSeatSelection.seat(AirlineSeatSelection.java:43)
at AirlineTestPkge.TC8_SeatSelection.TC8SeatSelection(TC8_SeatSelection.java:56)
at java.base/java.util.ArrayList.forEach(ArrayList.java:1597)
... Removed 34 stack frames]]>
    </failure>
  </testcase> <!-- TC8SeatSelection -->
  <testcase classname="AirlineTestPkge.TC9_PassangerMultiplePage2" name="TC9MultPassngSigleBooking" time="9.3"/>
  <testcase classname="AirlineTestPkge.TC10_ValidateFlightInformation" name="TC10ValidateFlightInformation" time="19.646"/>
  <testcase classname="AirlineTestPkge.TC11_validateafterBooking" name="TC11validateAfterBook" time="20.503"/>
  <testcase classname="AirlineTestPkge.TC12_LoginLogout" name="TC12LoginLogout" time="23.632"/>
  <testcase classname="AirlineTestPkge.TC13_ApplyPromo" name="TC13ApplyPromo" time="22.727"/>
  <testcase classname="AirlineTestPkge.TC14_DomesticRoundTrip" name="DomesticRoundTripPage" time="11.034"/>
</testsuite> <!-- AirlineTest -->
