<?xml version="1.0" encoding="UTF-8"?>
<!-- Generated by org.testng.reporters.JUnitReportReporter -->
<testsuite hostname="Jashwin-PC" failures="0" tests="1" name="AirlineTestPkge.TC8_SeatSelection" time="32.355" errors="1" timestamp="2025-07-03T22:52:03 EDT" skipped="0">
  <testcase classname="AirlineTestPkge.TC8_SeatSelection" name="TC8SeatSelection" time="32.355">
    <error message="element not interactable
  (Session info: chrome=137.0.7151.122)
Build info: version: &#039;4.20.0&#039;, revision: &#039;866c76ca80&#039;
System info: os.name: &#039;Windows 11&#039;, os.arch: &#039;amd64&#039;, os.version: &#039;10.0&#039;, java.version: &#039;23.0.2&#039;
Driver info: org.openqa.selenium.chrome.ChromeDriver
Command: [3c1e01e392343ac4c9f1b759ec5c7a47, sendKeysToElement {id=f.A533B01BF6C2E17C60116AADD95B0A60.d.ECC14B5A39B1EA7F94806B7F7AF990B2.e.401, value=[Ljava.lang.CharSequence;@4cc7e3ad}]
Capabilities {acceptInsecureCerts: false, browserName: chrome, browserVersion: 137.0.7151.122, chrome: {chromedriverVersion: 137.0.7151.119 (e0ac9d12dff..., userDataDir: C:\Users\anbuj\AppData\Loca...}, fedcm:accounts: true, goog:chromeOptions: {debuggerAddress: localhost:60521}, networkConnectionEnabled: false, pageLoadStrategy: normal, platformName: windows, proxy: Proxy(), se:cdp: ws://localhost:60521/devtoo..., se:cdpVersion: 137.0.7151.122, setWindowRect: true, strictFileInteractability: false, timeouts: {implicit: 0, pageLoad: 300000, script: 30000}, unhandledPromptBehavior: dismiss and notify, webauthn:extension:credBlob: true, webauthn:extension:largeBlob: true, webauthn:extension:minPinLength: true, webauthn:extension:prf: true, webauthn:virtualAuthenticators: true}
Element: [[ChromeDriver: chrome on windows (3c1e01e392343ac4c9f1b759ec5c7a47)] -&gt; xpath: //span[normalize-space()=&#039;Seats&#039;]]
Session ID: 3c1e01e392343ac4c9f1b759ec5c7a47" type="org.openqa.selenium.ElementNotInteractableException">
      <![CDATA[org.openqa.selenium.ElementNotInteractableException: element not interactable
  (Session info: chrome=137.0.7151.122)
Build info: version: '4.20.0', revision: '866c76ca80'
System info: os.name: 'Windows 11', os.arch: 'amd64', os.version: '10.0', java.version: '23.0.2'
Driver info: org.openqa.selenium.chrome.ChromeDriver
Command: [3c1e01e392343ac4c9f1b759ec5c7a47, sendKeysToElement {id=f.A533B01BF6C2E17C60116AADD95B0A60.d.ECC14B5A39B1EA7F94806B7F7AF990B2.e.401, value=[Ljava.lang.CharSequence;@4cc7e3ad}]
Capabilities {acceptInsecureCerts: false, browserName: chrome, browserVersion: 137.0.7151.122, chrome: {chromedriverVersion: 137.0.7151.119 (e0ac9d12dff..., userDataDir: C:\Users\anbuj\AppData\Loca...}, fedcm:accounts: true, goog:chromeOptions: {debuggerAddress: localhost:60521}, networkConnectionEnabled: false, pageLoadStrategy: normal, platformName: windows, proxy: Proxy(), se:cdp: ws://localhost:60521/devtoo..., se:cdpVersion: 137.0.7151.122, setWindowRect: true, strictFileInteractability: false, timeouts: {implicit: 0, pageLoad: 300000, script: 30000}, unhandledPromptBehavior: dismiss and notify, webauthn:extension:credBlob: true, webauthn:extension:largeBlob: true, webauthn:extension:minPinLength: true, webauthn:extension:prf: true, webauthn:virtualAuthenticators: true}
Element: [[ChromeDriver: chrome on windows (3c1e01e392343ac4c9f1b759ec5c7a47)] -> xpath: //span[normalize-space()='Seats']]
Session ID: 3c1e01e392343ac4c9f1b759ec5c7a47
at java.base/jdk.internal.reflect.DirectConstructorHandleAccessor.newInstance(DirectConstructorHandleAccessor.java:62)
at java.base/java.lang.reflect.Constructor.newInstanceWithCaller(Constructor.java:501)
at java.base/java.lang.reflect.Constructor.newInstance(Constructor.java:485)
at org.openqa.selenium.remote.ErrorCodec.decode(ErrorCodec.java:167)
at org.openqa.selenium.remote.codec.w3c.W3CHttpResponseCodec.decode(W3CHttpResponseCodec.java:138)
at org.openqa.selenium.remote.codec.w3c.W3CHttpResponseCodec.decode(W3CHttpResponseCodec.java:50)
at org.openqa.selenium.remote.HttpCommandExecutor.execute(HttpCommandExecutor.java:190)
at org.openqa.selenium.remote.service.DriverCommandExecutor.invokeExecute(DriverCommandExecutor.java:216)
at org.openqa.selenium.remote.service.DriverCommandExecutor.execute(DriverCommandExecutor.java:174)
at org.openqa.selenium.remote.RemoteWebDriver.execute(RemoteWebDriver.java:518)
at org.openqa.selenium.remote.RemoteWebElement.execute(RemoteWebElement.java:223)
at org.openqa.selenium.remote.RemoteWebElement.sendKeys(RemoteWebElement.java:110)
at java.base/jdk.internal.reflect.DirectMethodHandleAccessor.invoke(DirectMethodHandleAccessor.java:103)
at java.base/java.lang.reflect.Method.invoke(Method.java:580)
at org.openqa.selenium.support.pagefactory.internal.LocatingElementHandler.invoke(LocatingElementHandler.java:51)
at jdk.proxy2/jdk.proxy2.$Proxy13.sendKeys(Unknown Source)
at AirlinePackage.AirlineSeatSelection.seat(AirlineSeatSelection.java:43)
at AirlineTestPkge.TC8_SeatSelection.TC8SeatSelection(TC8_SeatSelection.java:56)
at java.base/jdk.internal.reflect.DirectMethodHandleAccessor.invoke(DirectMethodHandleAccessor.java:103)
at java.base/java.lang.reflect.Method.invoke(Method.java:580)
at org.testng.internal.invokers.MethodInvocationHelper.invokeMethod(MethodInvocationHelper.java:141)
at org.testng.internal.invokers.TestInvoker.invokeMethod(TestInvoker.java:687)
at org.testng.internal.invokers.TestInvoker.invokeTestMethod(TestInvoker.java:230)
at org.testng.internal.invokers.MethodRunner.runInSequence(MethodRunner.java:63)
at org.testng.internal.invokers.TestInvoker$MethodInvocationAgent.invoke(TestInvoker.java:995)
at org.testng.internal.invokers.TestInvoker.invokeTestMethods(TestInvoker.java:203)
at org.testng.internal.invokers.TestMethodWorker.invokeTestMethods(TestMethodWorker.java:154)
at org.testng.internal.invokers.TestMethodWorker.run(TestMethodWorker.java:134)
at java.base/java.util.ArrayList.forEach(ArrayList.java:1597)
at org.testng.TestRunner.privateRun(TestRunner.java:741)
at org.testng.TestRunner.run(TestRunner.java:616)
at org.testng.SuiteRunner.runTest(SuiteRunner.java:421)
at org.testng.SuiteRunner.runSequentially(SuiteRunner.java:413)
at org.testng.SuiteRunner.privateRun(SuiteRunner.java:373)
at org.testng.SuiteRunner.run(SuiteRunner.java:312)
at org.testng.SuiteRunnerWorker.runSuite(SuiteRunnerWorker.java:52)
at org.testng.SuiteRunnerWorker.run(SuiteRunnerWorker.java:95)
at org.testng.TestNG.runSuitesSequentially(TestNG.java:1274)
at org.testng.TestNG.runSuitesLocally(TestNG.java:1208)
at org.testng.TestNG.runSuites(TestNG.java:1112)
at org.testng.TestNG.run(TestNG.java:1079)
at org.apache.maven.surefire.testng.TestNGExecutor.run(TestNGExecutor.java:308)
at org.apache.maven.surefire.testng.TestNGXmlTestSuite.execute(TestNGXmlTestSuite.java:71)
at org.apache.maven.surefire.testng.TestNGProvider.invoke(TestNGProvider.java:113)
at org.apache.maven.surefire.booter.ForkedBooter.runSuitesInProcess(ForkedBooter.java:385)
at org.apache.maven.surefire.booter.ForkedBooter.execute(ForkedBooter.java:162)
at org.apache.maven.surefire.booter.ForkedBooter.run(ForkedBooter.java:507)
at org.apache.maven.surefire.booter.ForkedBooter.main(ForkedBooter.java:495)
]]>
    </error>
    <system-out>
      <![CDATA[One way selecte
Source city: Bengaluru
Destination city: Chennai
switched to child window
Listener:Test is Fail]]>
    </system-out>
  </testcase> <!-- TC8SeatSelection -->
  <system-out>
    <![CDATA[Chrome browser launching
Successfully logged in Hi Sathiyaa
Listener:Test is Pass
Chrome browser launching
Listener:Test is Pass
Chrome browser launching
One way selecte
Source city: Dubai
Destination city: Chennai
Listener:Test is Pass
Chrome browser launching
Round trip is selected
Source city: Chennai
Destination city: Dubai
Listener:Test is Pass
Chrome browser launching
One way selecte
Source city: Chennai
Destination city: Mumbai
Economy selected
Economy class results validated successfully.
Listener:Test is Pass
Chrome browser launching
MutliCity Select
First Source to Destination city Chennai toDubai
Second Source to Destination city Dubai toChennai
Listener:Test is Pass
Chrome browser launching
One way selecte
Source city: Bengaluru
Destination city: Chennai
switched to child window
Listener:Test is Fail
Chrome browser launching
One way selecte
Source city: Chennai
Destination city: Mumbai
2Passanger selected
Listener:Test is Pass
Chrome browser launching
One way selecte
Source city: Chennai
Destination city: toronto
flightDetails
FareSummary
cancellation
Listener:Test is Pass
Chrome browser launching
One way selecte
Source city: Dubai
Destination city: Chennai
switched to child window
Listener:Test is Pass
Chrome browser launching
Listener:Test is Pass
Chrome browser launching
One way selecte
Source city: Dubai
Destination city: Chennai
switched to child window
Verified promo codes
Listener:Test is Pass
Chrome browser launching
Round trip is selected
Source city: Chennai
Destination city: Mumbai
Listener:Test is Pass]]>
  </system-out>
</testsuite> <!-- AirlineTestPkge.TC8_SeatSelection -->
